{"C:\\Users\\miche\\projetos\\react_native_challenge_intern_mobile\\src\\App.tsx": {"path":"C:\\Users\\miche\\projetos\\react_native_challenge_intern_mobile\\src\\App.tsx","statementMap":{"0":{"start":{"line":6,"column":0},"end":{"line":8,"column":3}},"1":{"start":{"line":11,"column":2},"end":{"line":20,"column":4}}},"fnMap":{"0":{"name":"App","decl":{"start":{"line":10,"column":9},"end":{"line":10,"column":12}},"loc":{"start":{"line":10,"column":15},"end":{"line":21,"column":1}},"line":10}},"branchMap":{},"s":{"0":1,"1":1},"f":{"0":1},"b":{},"_coverageSchema":"1a1c01bbd47fc00a2c39e90264f33305004495a9","hash":"17549677452a29d5941e039dd6b208b7fdd79b5e"}
,"C:\\Users\\miche\\projetos\\react_native_challenge_intern_mobile\\src\\components\\InputValidation\\InputValidation.tsx": {"path":"C:\\Users\\miche\\projetos\\react_native_challenge_intern_mobile\\src\\components\\InputValidation\\InputValidation.tsx","statementMap":{"0":{"start":{"line":15,"column":31},"end":{"line":44,"column":1}},"1":{"start":{"line":23,"column":2},"end":{"line":43,"column":4}}},"fnMap":{"0":{"name":"(anonymous_0)","decl":{"start":{"line":15,"column":31},"end":{"line":15,"column":32}},"loc":{"start":{"line":22,"column":13},"end":{"line":44,"column":1}},"line":22}},"branchMap":{"0":{"loc":{"start":{"line":32,"column":7},"end":{"line":41,"column":7}},"type":"cond-expr","locations":[{"start":{"line":33,"column":8},"end":{"line":38,"column":10}},{"start":{"line":40,"column":8},"end":{"line":40,"column":79}}],"line":32}},"s":{"0":4,"1":6},"f":{"0":6},"b":{"0":[0,6]},"_coverageSchema":"1a1c01bbd47fc00a2c39e90264f33305004495a9","hash":"d1d212cf482e2fd3ffa5dcecc7c61c629cb12ec6"}
,"C:\\Users\\miche\\projetos\\react_native_challenge_intern_mobile\\src\\components\\InputValidation\\styles.ts": {"path":"C:\\Users\\miche\\projetos\\react_native_challenge_intern_mobile\\src\\components\\InputValidation\\styles.ts","statementMap":{"0":{"start":{"line":3,"column":25},"end":{"line":6,"column":1}}},"fnMap":{},"branchMap":{},"s":{"0":4},"f":{},"b":{},"_coverageSchema":"1a1c01bbd47fc00a2c39e90264f33305004495a9","hash":"b5b292cd36fc434ff0a1f947fc9e2b186e45c201"}
,"C:\\Users\\miche\\projetos\\react_native_challenge_intern_mobile\\src\\components\\Inputs\\SignInputs.tsx": {"path":"C:\\Users\\miche\\projetos\\react_native_challenge_intern_mobile\\src\\components\\Inputs\\SignInputs.tsx","statementMap":{"0":{"start":{"line":4,"column":14},"end":{"line":19,"column":1}},"1":{"start":{"line":21,"column":19},"end":{"line":23,"column":1}},"2":{"start":{"line":22,"column":2},"end":{"line":22,"column":35}}},"fnMap":{"0":{"name":"(anonymous_0)","decl":{"start":{"line":21,"column":19},"end":{"line":21,"column":20}},"loc":{"start":{"line":21,"column":36},"end":{"line":23,"column":1}},"line":21}},"branchMap":{},"s":{"0":5,"1":5,"2":7},"f":{"0":7},"b":{},"_coverageSchema":"1a1c01bbd47fc00a2c39e90264f33305004495a9","hash":"a2b0e266c17e3753e5768296645de57df4a21f03"}
,"C:\\Users\\miche\\projetos\\react_native_challenge_intern_mobile\\src\\components\\SanarLogo\\Logo-negativo.png": {"path":"C:\\Users\\miche\\projetos\\react_native_challenge_intern_mobile\\src\\components\\SanarLogo\\Logo-negativo.png","statementMap":{"0":{"start":{"line":1,"column":0},"end":{"line":4,"column":6}}},"fnMap":{},"branchMap":{},"s":{"0":4},"f":{},"b":{},"inputSourceMap":null,"_coverageSchema":"1a1c01bbd47fc00a2c39e90264f33305004495a9","hash":"a8abf1d67eaa8b617ad8ea9f4984f2063ff5cdec"}
,"C:\\Users\\miche\\projetos\\react_native_challenge_intern_mobile\\src\\components\\SanarLogo\\SanarLogo.tsx": {"path":"C:\\Users\\miche\\projetos\\react_native_challenge_intern_mobile\\src\\components\\SanarLogo\\SanarLogo.tsx","statementMap":{"0":{"start":{"line":6,"column":4},"end":{"line":11,"column":6}}},"fnMap":{"0":{"name":"(anonymous_0)","decl":{"start":{"line":5,"column":2},"end":{"line":5,"column":3}},"loc":{"start":{"line":5,"column":11},"end":{"line":12,"column":3}},"line":5}},"branchMap":{},"s":{"0":1},"f":{"0":1},"b":{},"_coverageSchema":"1a1c01bbd47fc00a2c39e90264f33305004495a9","hash":"cda3315f6e8e04002699cd1022cfc7f36f34c29a"}
,"C:\\Users\\miche\\projetos\\react_native_challenge_intern_mobile\\src\\components\\SanarLogo\\illustration.png": {"path":"C:\\Users\\miche\\projetos\\react_native_challenge_intern_mobile\\src\\components\\SanarLogo\\illustration.png","statementMap":{"0":{"start":{"line":1,"column":0},"end":{"line":4,"column":6}}},"fnMap":{},"branchMap":{},"s":{"0":2},"f":{},"b":{},"inputSourceMap":null,"_coverageSchema":"1a1c01bbd47fc00a2c39e90264f33305004495a9","hash":"c4f0738b078b0dfb1b09bba991c8c291cf2a65c6"}
,"C:\\Users\\miche\\projetos\\react_native_challenge_intern_mobile\\src\\components\\SanarLogo\\logo-sanar.png": {"path":"C:\\Users\\miche\\projetos\\react_native_challenge_intern_mobile\\src\\components\\SanarLogo\\logo-sanar.png","statementMap":{"0":{"start":{"line":1,"column":0},"end":{"line":4,"column":6}}},"fnMap":{},"branchMap":{},"s":{"0":3},"f":{},"b":{},"inputSourceMap":null,"_coverageSchema":"1a1c01bbd47fc00a2c39e90264f33305004495a9","hash":"a2f0db039760ef8a97186ce1601a67ce805a7e12"}
,"C:\\Users\\miche\\projetos\\react_native_challenge_intern_mobile\\src\\components\\SanarLogo\\profile.png": {"path":"C:\\Users\\miche\\projetos\\react_native_challenge_intern_mobile\\src\\components\\SanarLogo\\profile.png","statementMap":{"0":{"start":{"line":1,"column":0},"end":{"line":4,"column":6}}},"fnMap":{},"branchMap":{},"s":{"0":1},"f":{},"b":{},"inputSourceMap":null,"_coverageSchema":"1a1c01bbd47fc00a2c39e90264f33305004495a9","hash":"b46655faecd05cc43ea88e8c118c425f12c78c54"}
,"C:\\Users\\miche\\projetos\\react_native_challenge_intern_mobile\\src\\components\\SignButton\\SignButton.tsx": {"path":"C:\\Users\\miche\\projetos\\react_native_challenge_intern_mobile\\src\\components\\SignButton\\SignButton.tsx","statementMap":{"0":{"start":{"line":5,"column":15},"end":{"line":14,"column":1}},"1":{"start":{"line":16,"column":20},"end":{"line":27,"column":1}},"2":{"start":{"line":34,"column":19},"end":{"line":40,"column":1}},"3":{"start":{"line":35,"column":2},"end":{"line":39,"column":4}}},"fnMap":{"0":{"name":"(anonymous_0)","decl":{"start":{"line":34,"column":19},"end":{"line":34,"column":20}},"loc":{"start":{"line":34,"column":63},"end":{"line":40,"column":1}},"line":34}},"branchMap":{},"s":{"0":3,"1":3,"2":3,"3":2},"f":{"0":2},"b":{},"_coverageSchema":"1a1c01bbd47fc00a2c39e90264f33305004495a9","hash":"bd467d28a397a57517f3bd93f0aa94a6b78d873b"}
,"C:\\Users\\miche\\projetos\\react_native_challenge_intern_mobile\\src\\components\\articlesItem\\ArticlesItem.tsx": {"path":"C:\\Users\\miche\\projetos\\react_native_challenge_intern_mobile\\src\\components\\articlesItem\\ArticlesItem.tsx","statementMap":{"0":{"start":{"line":15,"column":21},"end":{"line":49,"column":1}},"1":{"start":{"line":16,"column":21},"end":{"line":16,"column":36}},"2":{"start":{"line":17,"column":32},"end":{"line":17,"column":41}},"3":{"start":{"line":18,"column":30},"end":{"line":18,"column":45}},"4":{"start":{"line":20,"column":21},"end":{"line":20,"column":73}},"5":{"start":{"line":22,"column":26},"end":{"line":26,"column":3}},"6":{"start":{"line":23,"column":4},"end":{"line":23,"column":20}},"7":{"start":{"line":24,"column":4},"end":{"line":24,"column":48}},"8":{"start":{"line":25,"column":4},"end":{"line":25,"column":11}},"9":{"start":{"line":28,"column":2},"end":{"line":48,"column":4}}},"fnMap":{"0":{"name":"(anonymous_0)","decl":{"start":{"line":15,"column":21},"end":{"line":15,"column":22}},"loc":{"start":{"line":15,"column":36},"end":{"line":49,"column":1}},"line":15},"1":{"name":"(anonymous_1)","decl":{"start":{"line":22,"column":26},"end":{"line":22,"column":27}},"loc":{"start":{"line":22,"column":32},"end":{"line":26,"column":3}},"line":22}},"branchMap":{"0":{"loc":{"start":{"line":38,"column":13},"end":{"line":42,"column":13}},"type":"cond-expr","locations":[{"start":{"line":39,"column":14},"end":{"line":39,"column":65}},{"start":{"line":41,"column":14},"end":{"line":41,"column":63}}],"line":38}},"s":{"0":3,"1":1,"2":1,"3":1,"4":1,"5":1,"6":0,"7":0,"8":0,"9":1},"f":{"0":1,"1":0},"b":{"0":[0,1]},"_coverageSchema":"1a1c01bbd47fc00a2c39e90264f33305004495a9","hash":"1375cdb647595b7f6042c8cd224bb106971ff32f"}
,"C:\\Users\\miche\\projetos\\react_native_challenge_intern_mobile\\src\\components\\articlesItem\\styles.ts": {"path":"C:\\Users\\miche\\projetos\\react_native_challenge_intern_mobile\\src\\components\\articlesItem\\styles.ts","statementMap":{"0":{"start":{"line":4,"column":25},"end":{"line":12,"column":1}},"1":{"start":{"line":14,"column":21},"end":{"line":19,"column":1}},"2":{"start":{"line":20,"column":20},"end":{"line":26,"column":1}},"3":{"start":{"line":27,"column":24},"end":{"line":33,"column":1}},"4":{"start":{"line":35,"column":26},"end":{"line":38,"column":1}},"5":{"start":{"line":40,"column":26},"end":{"line":48,"column":1}}},"fnMap":{},"branchMap":{},"s":{"0":3,"1":3,"2":3,"3":3,"4":3,"5":3},"f":{},"b":{},"_coverageSchema":"1a1c01bbd47fc00a2c39e90264f33305004495a9","hash":"fd2b53b4631de78b185a7ad43e633143ad693ecb"}
,"C:\\Users\\miche\\projetos\\react_native_challenge_intern_mobile\\src\\components\\loading\\Loading.tsx": {"path":"C:\\Users\\miche\\projetos\\react_native_challenge_intern_mobile\\src\\components\\loading\\Loading.tsx","statementMap":{"0":{"start":{"line":10,"column":16},"end":{"line":22,"column":1}},"1":{"start":{"line":11,"column":2},"end":{"line":21,"column":4}}},"fnMap":{"0":{"name":"(anonymous_0)","decl":{"start":{"line":10,"column":16},"end":{"line":10,"column":17}},"loc":{"start":{"line":10,"column":40},"end":{"line":22,"column":1}},"line":10}},"branchMap":{},"s":{"0":6,"1":4},"f":{"0":4},"b":{},"_coverageSchema":"1a1c01bbd47fc00a2c39e90264f33305004495a9","hash":"8457e44c4fe0f3874ee4f99fb5fbd793a9c016b0"}
,"C:\\Users\\miche\\projetos\\react_native_challenge_intern_mobile\\src\\components\\loading\\styles.ts": {"path":"C:\\Users\\miche\\projetos\\react_native_challenge_intern_mobile\\src\\components\\loading\\styles.ts","statementMap":{"0":{"start":{"line":4,"column":21},"end":{"line":6,"column":1}},"1":{"start":{"line":8,"column":31},"end":{"line":14,"column":1}},"2":{"start":{"line":16,"column":29},"end":{"line":21,"column":1}}},"fnMap":{},"branchMap":{},"s":{"0":6,"1":6,"2":6},"f":{},"b":{},"_coverageSchema":"1a1c01bbd47fc00a2c39e90264f33305004495a9","hash":"f66509488783e11e7888d4614c6ea3eecb623367"}
,"C:\\Users\\miche\\projetos\\react_native_challenge_intern_mobile\\src\\components\\searchArticles\\SearchArticles.tsx": {"path":"C:\\Users\\miche\\projetos\\react_native_challenge_intern_mobile\\src\\components\\searchArticles\\SearchArticles.tsx","statementMap":{"0":{"start":{"line":5,"column":23},"end":{"line":17,"column":1}},"1":{"start":{"line":6,"column":2},"end":{"line":16,"column":4}}},"fnMap":{"0":{"name":"(anonymous_0)","decl":{"start":{"line":5,"column":23},"end":{"line":5,"column":24}},"loc":{"start":{"line":5,"column":52},"end":{"line":17,"column":1}},"line":5}},"branchMap":{},"s":{"0":2,"1":1},"f":{"0":1},"b":{},"_coverageSchema":"1a1c01bbd47fc00a2c39e90264f33305004495a9","hash":"1b181aac122b114df868be2173b9f021f68e33d0"}
,"C:\\Users\\miche\\projetos\\react_native_challenge_intern_mobile\\src\\components\\searchArticles\\styles.ts": {"path":"C:\\Users\\miche\\projetos\\react_native_challenge_intern_mobile\\src\\components\\searchArticles\\styles.ts","statementMap":{"0":{"start":{"line":4,"column":25},"end":{"line":10,"column":1}},"1":{"start":{"line":12,"column":25},"end":{"line":17,"column":1}}},"fnMap":{},"branchMap":{},"s":{"0":2,"1":2},"f":{},"b":{},"_coverageSchema":"1a1c01bbd47fc00a2c39e90264f33305004495a9","hash":"101853cf33401e485ef3852ee11b47b2bff5dd4f"}
,"C:\\Users\\miche\\projetos\\react_native_challenge_intern_mobile\\src\\routes\\Routes.tsx": {"path":"C:\\Users\\miche\\projetos\\react_native_challenge_intern_mobile\\src\\routes\\Routes.tsx","statementMap":{"0":{"start":{"line":13,"column":14},"end":{"line":13,"column":36}},"1":{"start":{"line":16,"column":2},"end":{"line":61,"column":4}}},"fnMap":{"0":{"name":"MainStack","decl":{"start":{"line":15,"column":9},"end":{"line":15,"column":18}},"loc":{"start":{"line":15,"column":21},"end":{"line":62,"column":1}},"line":15}},"branchMap":{},"s":{"0":1,"1":1},"f":{"0":1},"b":{},"_coverageSchema":"1a1c01bbd47fc00a2c39e90264f33305004495a9","hash":"1736323e8556ffb5410402244ea4eddd5f947216"}
,"C:\\Users\\miche\\projetos\\react_native_challenge_intern_mobile\\src\\screens\\ArticleDetails\\ArticleDetails.tsx": {"path":"C:\\Users\\miche\\projetos\\react_native_challenge_intern_mobile\\src\\screens\\ArticleDetails\\ArticleDetails.tsx","statementMap":{"0":{"start":{"line":10,"column":39},"end":{"line":21,"column":1}},"1":{"start":{"line":11,"column":18},"end":{"line":11,"column":41}},"2":{"start":{"line":13,"column":2},"end":{"line":20,"column":4}}},"fnMap":{"0":{"name":"(anonymous_0)","decl":{"start":{"line":10,"column":39},"end":{"line":10,"column":40}},"loc":{"start":{"line":10,"column":48},"end":{"line":21,"column":1}},"line":10}},"branchMap":{},"s":{"0":2,"1":1,"2":1},"f":{"0":1},"b":{},"_coverageSchema":"1a1c01bbd47fc00a2c39e90264f33305004495a9","hash":"dc6e25763e63c8805f9300d15224ad59d797da40"}
,"C:\\Users\\miche\\projetos\\react_native_challenge_intern_mobile\\src\\screens\\ArticleDetails\\styles.ts": {"path":"C:\\Users\\miche\\projetos\\react_native_challenge_intern_mobile\\src\\screens\\ArticleDetails\\styles.ts","statementMap":{"0":{"start":{"line":4,"column":25},"end":{"line":7,"column":1}},"1":{"start":{"line":9,"column":21},"end":{"line":16,"column":1}},"2":{"start":{"line":18,"column":23},"end":{"line":22,"column":1}}},"fnMap":{},"branchMap":{},"s":{"0":2,"1":2,"2":2},"f":{},"b":{},"_coverageSchema":"1a1c01bbd47fc00a2c39e90264f33305004495a9","hash":"5371dc46213f19357049d78a3bbead1a993a5737"}
,"C:\\Users\\miche\\projetos\\react_native_challenge_intern_mobile\\src\\screens\\Articles\\Articles.tsx": {"path":"C:\\Users\\miche\\projetos\\react_native_challenge_intern_mobile\\src\\screens\\Articles\\Articles.tsx","statementMap":{"0":{"start":{"line":10,"column":19},"end":{"line":10,"column":61}},"1":{"start":{"line":10,"column":33},"end":{"line":10,"column":61}},"2":{"start":{"line":12,"column":17},"end":{"line":93,"column":1}},"3":{"start":{"line":13,"column":34},"end":{"line":13,"column":46}},"4":{"start":{"line":14,"column":46},"end":{"line":14,"column":58}},"5":{"start":{"line":16,"column":2},"end":{"line":25,"column":9}},"6":{"start":{"line":17,"column":4},"end":{"line":24,"column":6}},"7":{"start":{"line":19,"column":8},"end":{"line":19,"column":35}},"8":{"start":{"line":22,"column":8},"end":{"line":22,"column":44}},"9":{"start":{"line":27,"column":24},"end":{"line":27,"column":37}},"10":{"start":{"line":28,"column":2},"end":{"line":34,"column":4}},"11":{"start":{"line":29,"column":4},"end":{"line":33,"column":9}},"12":{"start":{"line":36,"column":2},"end":{"line":59,"column":23}},"13":{"start":{"line":37,"column":4},"end":{"line":58,"column":5}},"14":{"start":{"line":38,"column":6},"end":{"line":45,"column":8}},"15":{"start":{"line":40,"column":10},"end":{"line":40,"column":37}},"16":{"start":{"line":43,"column":10},"end":{"line":43,"column":46}},"17":{"start":{"line":47,"column":6},"end":{"line":57,"column":8}},"18":{"start":{"line":49,"column":10},"end":{"line":55,"column":11}},"19":{"start":{"line":52,"column":12},"end":{"line":52,"column":24}},"20":{"start":{"line":54,"column":12},"end":{"line":54,"column":25}},"21":{"start":{"line":61,"column":25},"end":{"line":61,"column":40}},"22":{"start":{"line":63,"column":2},"end":{"line":92,"column":4}},"23":{"start":{"line":78,"column":44},"end":{"line":78,"column":67}},"24":{"start":{"line":88,"column":30},"end":{"line":88,"column":51}}},"fnMap":{"0":{"name":"(anonymous_0)","decl":{"start":{"line":10,"column":19},"end":{"line":10,"column":20}},"loc":{"start":{"line":10,"column":33},"end":{"line":10,"column":61}},"line":10},"1":{"name":"(anonymous_1)","decl":{"start":{"line":12,"column":17},"end":{"line":12,"column":18}},"loc":{"start":{"line":12,"column":23},"end":{"line":93,"column":1}},"line":12},"2":{"name":"(anonymous_2)","decl":{"start":{"line":16,"column":12},"end":{"line":16,"column":13}},"loc":{"start":{"line":16,"column":18},"end":{"line":25,"column":3}},"line":16},"3":{"name":"(anonymous_3)","decl":{"start":{"line":18,"column":6},"end":{"line":18,"column":7}},"loc":{"start":{"line":18,"column":14},"end":{"line":20,"column":7}},"line":18},"4":{"name":"(anonymous_4)","decl":{"start":{"line":21,"column":6},"end":{"line":21,"column":7}},"loc":{"start":{"line":21,"column":12},"end":{"line":23,"column":7}},"line":21},"5":{"name":"(anonymous_5)","decl":{"start":{"line":28,"column":21},"end":{"line":28,"column":22}},"loc":{"start":{"line":29,"column":4},"end":{"line":33,"column":9}},"line":29},"6":{"name":"(anonymous_6)","decl":{"start":{"line":36,"column":12},"end":{"line":36,"column":13}},"loc":{"start":{"line":36,"column":18},"end":{"line":59,"column":3}},"line":36},"7":{"name":"(anonymous_7)","decl":{"start":{"line":39,"column":8},"end":{"line":39,"column":9}},"loc":{"start":{"line":39,"column":16},"end":{"line":41,"column":9}},"line":39},"8":{"name":"(anonymous_8)","decl":{"start":{"line":42,"column":8},"end":{"line":42,"column":9}},"loc":{"start":{"line":42,"column":14},"end":{"line":44,"column":9}},"line":42},"9":{"name":"(anonymous_9)","decl":{"start":{"line":48,"column":29},"end":{"line":48,"column":30}},"loc":{"start":{"line":48,"column":37},"end":{"line":56,"column":9}},"line":48},"10":{"name":"(anonymous_10)","decl":{"start":{"line":78,"column":26},"end":{"line":78,"column":27}},"loc":{"start":{"line":78,"column":44},"end":{"line":78,"column":67}},"line":78},"11":{"name":"(anonymous_11)","decl":{"start":{"line":88,"column":22},"end":{"line":88,"column":23}},"loc":{"start":{"line":88,"column":30},"end":{"line":88,"column":51}},"line":88}},"branchMap":{"0":{"loc":{"start":{"line":29,"column":4},"end":{"line":33,"column":9}},"type":"cond-expr","locations":[{"start":{"line":30,"column":8},"end":{"line":30,"column":9}},{"start":{"line":31,"column":8},"end":{"line":33,"column":9}}],"line":29},"1":{"loc":{"start":{"line":31,"column":8},"end":{"line":33,"column":9}},"type":"cond-expr","locations":[{"start":{"line":32,"column":8},"end":{"line":32,"column":10}},{"start":{"line":33,"column":8},"end":{"line":33,"column":9}}],"line":31},"2":{"loc":{"start":{"line":37,"column":4},"end":{"line":58,"column":5}},"type":"if","locations":[{"start":{"line":37,"column":4},"end":{"line":58,"column":5}},{"start":{"line":46,"column":11},"end":{"line":58,"column":5}}],"line":37},"3":{"loc":{"start":{"line":49,"column":10},"end":{"line":55,"column":11}},"type":"if","locations":[{"start":{"line":49,"column":10},"end":{"line":55,"column":11}},{"start":{"line":53,"column":17},"end":{"line":55,"column":11}}],"line":49}},"s":{"0":2,"1":0,"2":2,"3":1,"4":1,"5":1,"6":0,"7":0,"8":0,"9":1,"10":1,"11":0,"12":1,"13":0,"14":0,"15":0,"16":0,"17":0,"18":0,"19":0,"20":0,"21":1,"22":1,"23":0,"24":0},"f":{"0":0,"1":1,"2":0,"3":0,"4":0,"5":0,"6":0,"7":0,"8":0,"9":0,"10":0,"11":0},"b":{"0":[0,0],"1":[0,0],"2":[0,0],"3":[0,0]},"_coverageSchema":"1a1c01bbd47fc00a2c39e90264f33305004495a9","hash":"a32e71851cda6fe27ee342a11f1c90af8d58f84b"}
,"C:\\Users\\miche\\projetos\\react_native_challenge_intern_mobile\\src\\screens\\Articles\\styles.ts": {"path":"C:\\Users\\miche\\projetos\\react_native_challenge_intern_mobile\\src\\screens\\Articles\\styles.ts","statementMap":{"0":{"start":{"line":3,"column":25},"end":{"line":5,"column":1}},"1":{"start":{"line":7,"column":30},"end":{"line":10,"column":1}}},"fnMap":{},"branchMap":{},"s":{"0":2,"1":2},"f":{},"b":{},"_coverageSchema":"1a1c01bbd47fc00a2c39e90264f33305004495a9","hash":"c2b7e15a0392be2b22ea56352a2aa1d9bf2e6a92"}
,"C:\\Users\\miche\\projetos\\react_native_challenge_intern_mobile\\src\\screens\\Onboarding\\Onboarding.tsx": {"path":"C:\\Users\\miche\\projetos\\react_native_challenge_intern_mobile\\src\\screens\\Onboarding\\Onboarding.tsx","statementMap":{"0":{"start":{"line":14,"column":19},"end":{"line":38,"column":1}},"1":{"start":{"line":15,"column":21},"end":{"line":15,"column":36}},"2":{"start":{"line":17,"column":32},"end":{"line":19,"column":3}},"3":{"start":{"line":18,"column":4},"end":{"line":18,"column":34}},"4":{"start":{"line":21,"column":2},"end":{"line":37,"column":4}}},"fnMap":{"0":{"name":"(anonymous_0)","decl":{"start":{"line":14,"column":19},"end":{"line":14,"column":20}},"loc":{"start":{"line":14,"column":25},"end":{"line":38,"column":1}},"line":14},"1":{"name":"(anonymous_1)","decl":{"start":{"line":17,"column":32},"end":{"line":17,"column":33}},"loc":{"start":{"line":17,"column":38},"end":{"line":19,"column":3}},"line":17}},"branchMap":{},"s":{"0":2,"1":2,"2":2,"3":0,"4":2},"f":{"0":2,"1":0},"b":{},"_coverageSchema":"1a1c01bbd47fc00a2c39e90264f33305004495a9","hash":"e20a6de6c4e0364dd1541cf713b21c5ac5997944"}
,"C:\\Users\\miche\\projetos\\react_native_challenge_intern_mobile\\src\\screens\\Onboarding\\bussiness.ts": {"path":"C:\\Users\\miche\\projetos\\react_native_challenge_intern_mobile\\src\\screens\\Onboarding\\bussiness.ts","statementMap":{"0":{"start":{"line":2,"column":2},"end":{"line":2,"column":65}},"1":{"start":{"line":4,"column":2},"end":{"line":4,"column":84}},"2":{"start":{"line":5,"column":27},"end":{"line":5,"column":42}}},"fnMap":{},"branchMap":{},"s":{"0":2,"1":2,"2":2},"f":{},"b":{},"_coverageSchema":"1a1c01bbd47fc00a2c39e90264f33305004495a9","hash":"4578e6ea1ed2e9cb70dd785df61d30f5df00560c"}
,"C:\\Users\\miche\\projetos\\react_native_challenge_intern_mobile\\src\\screens\\Onboarding\\styles.ts": {"path":"C:\\Users\\miche\\projetos\\react_native_challenge_intern_mobile\\src\\screens\\Onboarding\\styles.ts","statementMap":{"0":{"start":{"line":7,"column":25},"end":{"line":10,"column":1}},"1":{"start":{"line":12,"column":35},"end":{"line":18,"column":1}},"2":{"start":{"line":20,"column":25},"end":{"line":36,"column":1}},"3":{"start":{"line":38,"column":28},"end":{"line":51,"column":1}},"4":{"start":{"line":53,"column":33},"end":{"line":58,"column":1}},"5":{"start":{"line":60,"column":32},"end":{"line":72,"column":1}},"6":{"start":{"line":74,"column":27},"end":{"line":80,"column":1}}},"fnMap":{},"branchMap":{},"s":{"0":2,"1":2,"2":2,"3":2,"4":2,"5":2,"6":2},"f":{},"b":{},"_coverageSchema":"1a1c01bbd47fc00a2c39e90264f33305004495a9","hash":"5821496d157c5063f73254f922d9086bd0512e76"}
,"C:\\Users\\miche\\projetos\\react_native_challenge_intern_mobile\\src\\screens\\SignIn\\SignIn.tsx": {"path":"C:\\Users\\miche\\projetos\\react_native_challenge_intern_mobile\\src\\screens\\SignIn\\SignIn.tsx","statementMap":{"0":{"start":{"line":21,"column":24},"end":{"line":21,"column":47}},"1":{"start":{"line":22,"column":30},"end":{"line":22,"column":48}},"2":{"start":{"line":24,"column":15},"end":{"line":117,"column":1}},"3":{"start":{"line":25,"column":21},"end":{"line":25,"column":36}},"4":{"start":{"line":26,"column":28},"end":{"line":26,"column":40}},"5":{"start":{"line":27,"column":34},"end":{"line":27,"column":46}},"6":{"start":{"line":28,"column":30},"end":{"line":28,"column":45}},"7":{"start":{"line":30,"column":30},"end":{"line":32,"column":3}},"8":{"start":{"line":31,"column":4},"end":{"line":31,"column":34}},"9":{"start":{"line":34,"column":20},"end":{"line":39,"column":3}},"10":{"start":{"line":35,"column":4},"end":{"line":35,"column":21}},"11":{"start":{"line":36,"column":4},"end":{"line":38,"column":7}},"12":{"start":{"line":41,"column":18},"end":{"line":51,"column":3}},"13":{"start":{"line":42,"column":4},"end":{"line":42,"column":21}},"14":{"start":{"line":43,"column":4},"end":{"line":50,"column":6}},"15":{"start":{"line":47,"column":37},"end":{"line":47,"column":66}},"16":{"start":{"line":53,"column":29},"end":{"line":71,"column":3}},"17":{"start":{"line":54,"column":4},"end":{"line":54,"column":20}},"18":{"start":{"line":55,"column":4},"end":{"line":59,"column":5}},"19":{"start":{"line":56,"column":6},"end":{"line":56,"column":56}},"20":{"start":{"line":57,"column":6},"end":{"line":57,"column":23}},"21":{"start":{"line":58,"column":6},"end":{"line":58,"column":13}},"22":{"start":{"line":60,"column":4},"end":{"line":64,"column":5}},"23":{"start":{"line":61,"column":6},"end":{"line":61,"column":61}},"24":{"start":{"line":62,"column":6},"end":{"line":62,"column":23}},"25":{"start":{"line":63,"column":6},"end":{"line":63,"column":13}},"26":{"start":{"line":65,"column":4},"end":{"line":69,"column":5}},"27":{"start":{"line":66,"column":6},"end":{"line":66,"column":62}},"28":{"start":{"line":67,"column":6},"end":{"line":67,"column":23}},"29":{"start":{"line":68,"column":6},"end":{"line":68,"column":13}},"30":{"start":{"line":70,"column":4},"end":{"line":70,"column":60}},"31":{"start":{"line":73,"column":2},"end":{"line":116,"column":4}},"32":{"start":{"line":89,"column":12},"end":{"line":89,"column":27}},"33":{"start":{"line":99,"column":12},"end":{"line":99,"column":30}}},"fnMap":{"0":{"name":"(anonymous_0)","decl":{"start":{"line":24,"column":15},"end":{"line":24,"column":16}},"loc":{"start":{"line":24,"column":21},"end":{"line":117,"column":1}},"line":24},"1":{"name":"(anonymous_1)","decl":{"start":{"line":30,"column":30},"end":{"line":30,"column":31}},"loc":{"start":{"line":30,"column":36},"end":{"line":32,"column":3}},"line":30},"2":{"name":"(anonymous_2)","decl":{"start":{"line":34,"column":20},"end":{"line":34,"column":21}},"loc":{"start":{"line":34,"column":26},"end":{"line":39,"column":3}},"line":34},"3":{"name":"(anonymous_3)","decl":{"start":{"line":41,"column":18},"end":{"line":41,"column":19}},"loc":{"start":{"line":41,"column":24},"end":{"line":51,"column":3}},"line":41},"4":{"name":"(anonymous_4)","decl":{"start":{"line":47,"column":31},"end":{"line":47,"column":32}},"loc":{"start":{"line":47,"column":37},"end":{"line":47,"column":66}},"line":47},"5":{"name":"(anonymous_5)","decl":{"start":{"line":53,"column":29},"end":{"line":53,"column":30}},"loc":{"start":{"line":53,"column":35},"end":{"line":71,"column":3}},"line":53},"6":{"name":"(anonymous_6)","decl":{"start":{"line":88,"column":24},"end":{"line":88,"column":25}},"loc":{"start":{"line":88,"column":42},"end":{"line":90,"column":11}},"line":88},"7":{"name":"(anonymous_7)","decl":{"start":{"line":98,"column":24},"end":{"line":98,"column":25}},"loc":{"start":{"line":98,"column":42},"end":{"line":100,"column":11}},"line":98}},"branchMap":{"0":{"loc":{"start":{"line":55,"column":4},"end":{"line":59,"column":5}},"type":"if","locations":[{"start":{"line":55,"column":4},"end":{"line":59,"column":5}},{"start":{},"end":{}}],"line":55},"1":{"loc":{"start":{"line":55,"column":8},"end":{"line":55,"column":64}},"type":"binary-expr","locations":[{"start":{"line":55,"column":8},"end":{"line":55,"column":37}},{"start":{"line":55,"column":41},"end":{"line":55,"column":64}}],"line":55},"2":{"loc":{"start":{"line":60,"column":4},"end":{"line":64,"column":5}},"type":"if","locations":[{"start":{"line":60,"column":4},"end":{"line":64,"column":5}},{"start":{},"end":{}}],"line":60},"3":{"loc":{"start":{"line":65,"column":4},"end":{"line":69,"column":5}},"type":"if","locations":[{"start":{"line":65,"column":4},"end":{"line":69,"column":5}},{"start":{},"end":{}}],"line":65}},"s":{"0":2,"1":2,"2":2,"3":1,"4":1,"5":1,"6":1,"7":1,"8":0,"9":1,"10":0,"11":0,"12":1,"13":0,"14":0,"15":0,"16":1,"17":0,"18":0,"19":0,"20":0,"21":0,"22":0,"23":0,"24":0,"25":0,"26":0,"27":0,"28":0,"29":0,"30":0,"31":1,"32":0,"33":0},"f":{"0":1,"1":0,"2":0,"3":0,"4":0,"5":0,"6":0,"7":0},"b":{"0":[0,0],"1":[0,0],"2":[0,0],"3":[0,0]},"_coverageSchema":"1a1c01bbd47fc00a2c39e90264f33305004495a9","hash":"8a5a0dbc8c07bcdf7d8efea8ec624638e3fa4fce"}
,"C:\\Users\\miche\\projetos\\react_native_challenge_intern_mobile\\src\\screens\\SignIn\\bussiness.ts": {"path":"C:\\Users\\miche\\projetos\\react_native_challenge_intern_mobile\\src\\screens\\SignIn\\bussiness.ts","statementMap":{"0":{"start":{"line":10,"column":30},"end":{"line":27,"column":1}},"1":{"start":{"line":16,"column":17},"end":{"line":21,"column":4}},"2":{"start":{"line":22,"column":2},"end":{"line":26,"column":3}},"3":{"start":{"line":23,"column":4},"end":{"line":23,"column":14}},"4":{"start":{"line":25,"column":4},"end":{"line":25,"column":16}}},"fnMap":{"0":{"name":"(anonymous_0)","decl":{"start":{"line":10,"column":30},"end":{"line":10,"column":31}},"loc":{"start":{"line":15,"column":13},"end":{"line":27,"column":1}},"line":15}},"branchMap":{"0":{"loc":{"start":{"line":22,"column":2},"end":{"line":26,"column":3}},"type":"if","locations":[{"start":{"line":22,"column":2},"end":{"line":26,"column":3}},{"start":{"line":24,"column":9},"end":{"line":26,"column":3}}],"line":22}},"s":{"0":3,"1":1,"2":0,"3":0,"4":0},"f":{"0":1},"b":{"0":[0,0]},"_coverageSchema":"1a1c01bbd47fc00a2c39e90264f33305004495a9","hash":"73e49fd92d5bf9080982263d2ab0d4b8365febfa"}
,"C:\\Users\\miche\\projetos\\react_native_challenge_intern_mobile\\src\\screens\\SignIn\\styles.ts": {"path":"C:\\Users\\miche\\projetos\\react_native_challenge_intern_mobile\\src\\screens\\SignIn\\styles.ts","statementMap":{"0":{"start":{"line":4,"column":25},"end":{"line":7,"column":1}},"1":{"start":{"line":9,"column":31},"end":{"line":14,"column":1}},"2":{"start":{"line":15,"column":28},"end":{"line":20,"column":1}},"3":{"start":{"line":22,"column":29},"end":{"line":25,"column":1}},"4":{"start":{"line":27,"column":31},"end":{"line":29,"column":1}},"5":{"start":{"line":31,"column":36},"end":{"line":40,"column":1}},"6":{"start":{"line":42,"column":32},"end":{"line":48,"column":1}},"7":{"start":{"line":50,"column":35},"end":{"line":59,"column":1}}},"fnMap":{},"branchMap":{},"s":{"0":2,"1":2,"2":2,"3":2,"4":2,"5":2,"6":2,"7":2},"f":{},"b":{},"_coverageSchema":"1a1c01bbd47fc00a2c39e90264f33305004495a9","hash":"35cac5592208d5a39da5d0b6b7a157f118656eb3"}
,"C:\\Users\\miche\\projetos\\react_native_challenge_intern_mobile\\src\\screens\\SignUp\\SignUp.tsx": {"path":"C:\\Users\\miche\\projetos\\react_native_challenge_intern_mobile\\src\\screens\\SignUp\\SignUp.tsx","statementMap":{"0":{"start":{"line":19,"column":15},"end":{"line":115,"column":1}},"1":{"start":{"line":20,"column":21},"end":{"line":20,"column":36}},"2":{"start":{"line":21,"column":34},"end":{"line":21,"column":46}},"3":{"start":{"line":22,"column":34},"end":{"line":22,"column":46}},"4":{"start":{"line":23,"column":28},"end":{"line":23,"column":40}},"5":{"start":{"line":24,"column":32},"end":{"line":24,"column":47}},"6":{"start":{"line":26,"column":38},"end":{"line":28,"column":3}},"7":{"start":{"line":27,"column":4},"end":{"line":27,"column":34}},"8":{"start":{"line":30,"column":20},"end":{"line":37,"column":3}},"9":{"start":{"line":31,"column":4},"end":{"line":31,"column":22}},"10":{"start":{"line":32,"column":4},"end":{"line":36,"column":6}},"11":{"start":{"line":38,"column":18},"end":{"line":40,"column":3}},"12":{"start":{"line":39,"column":4},"end":{"line":39,"column":22}},"13":{"start":{"line":42,"column":30},"end":{"line":63,"column":3}},"14":{"start":{"line":43,"column":4},"end":{"line":43,"column":21}},"15":{"start":{"line":45,"column":6},"end":{"line":49,"column":7}},"16":{"start":{"line":46,"column":8},"end":{"line":46,"column":46}},"17":{"start":{"line":47,"column":8},"end":{"line":47,"column":26}},"18":{"start":{"line":48,"column":8},"end":{"line":48,"column":15}},"19":{"start":{"line":50,"column":6},"end":{"line":54,"column":7}},"20":{"start":{"line":51,"column":8},"end":{"line":51,"column":47}},"21":{"start":{"line":52,"column":8},"end":{"line":52,"column":26}},"22":{"start":{"line":53,"column":8},"end":{"line":53,"column":15}},"23":{"start":{"line":55,"column":6},"end":{"line":61,"column":9}},"24":{"start":{"line":65,"column":2},"end":{"line":114,"column":4}},"25":{"start":{"line":74,"column":12},"end":{"line":74,"column":30}},"26":{"start":{"line":84,"column":12},"end":{"line":84,"column":27}},"27":{"start":{"line":94,"column":12},"end":{"line":94,"column":30}}},"fnMap":{"0":{"name":"(anonymous_0)","decl":{"start":{"line":19,"column":15},"end":{"line":19,"column":16}},"loc":{"start":{"line":19,"column":21},"end":{"line":115,"column":1}},"line":19},"1":{"name":"(anonymous_1)","decl":{"start":{"line":26,"column":38},"end":{"line":26,"column":39}},"loc":{"start":{"line":26,"column":44},"end":{"line":28,"column":3}},"line":26},"2":{"name":"(anonymous_2)","decl":{"start":{"line":30,"column":20},"end":{"line":30,"column":21}},"loc":{"start":{"line":30,"column":26},"end":{"line":37,"column":3}},"line":30},"3":{"name":"(anonymous_3)","decl":{"start":{"line":38,"column":18},"end":{"line":38,"column":19}},"loc":{"start":{"line":38,"column":24},"end":{"line":40,"column":3}},"line":38},"4":{"name":"(anonymous_4)","decl":{"start":{"line":42,"column":30},"end":{"line":42,"column":31}},"loc":{"start":{"line":42,"column":36},"end":{"line":63,"column":3}},"line":42},"5":{"name":"(anonymous_5)","decl":{"start":{"line":73,"column":24},"end":{"line":73,"column":25}},"loc":{"start":{"line":73,"column":42},"end":{"line":75,"column":11}},"line":73},"6":{"name":"(anonymous_6)","decl":{"start":{"line":83,"column":24},"end":{"line":83,"column":25}},"loc":{"start":{"line":83,"column":42},"end":{"line":85,"column":11}},"line":83},"7":{"name":"(anonymous_7)","decl":{"start":{"line":93,"column":24},"end":{"line":93,"column":25}},"loc":{"start":{"line":93,"column":42},"end":{"line":95,"column":11}},"line":93}},"branchMap":{"0":{"loc":{"start":{"line":45,"column":6},"end":{"line":49,"column":7}},"type":"if","locations":[{"start":{"line":45,"column":6},"end":{"line":49,"column":7}},{"start":{},"end":{}}],"line":45},"1":{"loc":{"start":{"line":50,"column":6},"end":{"line":54,"column":7}},"type":"if","locations":[{"start":{"line":50,"column":6},"end":{"line":54,"column":7}},{"start":{},"end":{}}],"line":50}},"s":{"0":2,"1":1,"2":1,"3":1,"4":1,"5":1,"6":1,"7":0,"8":1,"9":0,"10":0,"11":1,"12":0,"13":1,"14":0,"15":0,"16":0,"17":0,"18":0,"19":0,"20":0,"21":0,"22":0,"23":0,"24":1,"25":0,"26":0,"27":0},"f":{"0":1,"1":0,"2":0,"3":0,"4":0,"5":0,"6":0,"7":0},"b":{"0":[0,0],"1":[0,0]},"_coverageSchema":"1a1c01bbd47fc00a2c39e90264f33305004495a9","hash":"ff493fdaff0111388f9d8c958f3eb1bdbcc853cd"}
,"C:\\Users\\miche\\projetos\\react_native_challenge_intern_mobile\\src\\screens\\SignUp\\bussiness.ts": {"path":"C:\\Users\\miche\\projetos\\react_native_challenge_intern_mobile\\src\\screens\\SignUp\\bussiness.ts","statementMap":{"0":{"start":{"line":11,"column":31},"end":{"line":28,"column":1}},"1":{"start":{"line":18,"column":17},"end":{"line":22,"column":4}},"2":{"start":{"line":23,"column":2},"end":{"line":27,"column":3}},"3":{"start":{"line":24,"column":4},"end":{"line":24,"column":16}},"4":{"start":{"line":26,"column":4},"end":{"line":26,"column":14}}},"fnMap":{"0":{"name":"(anonymous_0)","decl":{"start":{"line":11,"column":31},"end":{"line":11,"column":32}},"loc":{"start":{"line":17,"column":13},"end":{"line":28,"column":1}},"line":17}},"branchMap":{"0":{"loc":{"start":{"line":23,"column":2},"end":{"line":27,"column":3}},"type":"if","locations":[{"start":{"line":23,"column":2},"end":{"line":27,"column":3}},{"start":{"line":25,"column":9},"end":{"line":27,"column":3}}],"line":23}},"s":{"0":3,"1":1,"2":0,"3":0,"4":0},"f":{"0":1},"b":{"0":[0,0]},"_coverageSchema":"1a1c01bbd47fc00a2c39e90264f33305004495a9","hash":"ff25ffcec429ffc7fe8bb1cc7f10ce4d19d46e72"}
,"C:\\Users\\miche\\projetos\\react_native_challenge_intern_mobile\\src\\screens\\SignUp\\messages.tsx": {"path":"C:\\Users\\miche\\projetos\\react_native_challenge_intern_mobile\\src\\screens\\SignUp\\messages.tsx","statementMap":{"0":{"start":{"line":11,"column":30},"end":{"line":11,"column":50}},"1":{"start":{"line":13,"column":24},"end":{"line":21,"column":1}},"2":{"start":{"line":14,"column":2},"end":{"line":20,"column":4}},"3":{"start":{"line":23,"column":20},"end":{"line":27,"column":1}},"4":{"start":{"line":28,"column":21},"end":{"line":31,"column":1}}},"fnMap":{"0":{"name":"(anonymous_0)","decl":{"start":{"line":13,"column":24},"end":{"line":13,"column":25}},"loc":{"start":{"line":13,"column":78},"end":{"line":21,"column":1}},"line":13}},"branchMap":{},"s":{"0":2,"1":2,"2":1,"3":2,"4":2},"f":{"0":1},"b":{},"_coverageSchema":"1a1c01bbd47fc00a2c39e90264f33305004495a9","hash":"8f9fab8eaf3ddab322a5ea7110ae7548422ed5fb"}
,"C:\\Users\\miche\\projetos\\react_native_challenge_intern_mobile\\src\\screens\\SignUp\\styles.ts": {"path":"C:\\Users\\miche\\projetos\\react_native_challenge_intern_mobile\\src\\screens\\SignUp\\styles.ts","statementMap":{"0":{"start":{"line":4,"column":25},"end":{"line":7,"column":1}},"1":{"start":{"line":9,"column":31},"end":{"line":14,"column":1}},"2":{"start":{"line":16,"column":29},"end":{"line":19,"column":1}},"3":{"start":{"line":21,"column":30},"end":{"line":30,"column":1}},"4":{"start":{"line":32,"column":35},"end":{"line":43,"column":1}},"5":{"start":{"line":45,"column":33},"end":{"line":52,"column":1}}},"fnMap":{},"branchMap":{},"s":{"0":2,"1":2,"2":2,"3":2,"4":2,"5":2},"f":{},"b":{},"_coverageSchema":"1a1c01bbd47fc00a2c39e90264f33305004495a9","hash":"fa31f0ec618dbac05b6c03dedada609335bef682"}
,"C:\\Users\\miche\\projetos\\react_native_challenge_intern_mobile\\src\\services\\healthCareApi.ts": {"path":"C:\\Users\\miche\\projetos\\react_native_challenge_intern_mobile\\src\\services\\healthCareApi.ts","statementMap":{"0":{"start":{"line":1,"column":12},"end":{"line":1,"column":58}},"1":{"start":{"line":3,"column":27},"end":{"line":15,"column":1}},"2":{"start":{"line":7,"column":2},"end":{"line":14,"column":7}},"3":{"start":{"line":8,"column":22},"end":{"line":8,"column":37}},"4":{"start":{"line":10,"column":6},"end":{"line":10,"column":22}},"5":{"start":{"line":13,"column":6},"end":{"line":13,"column":21}}},"fnMap":{"0":{"name":"(anonymous_0)","decl":{"start":{"line":3,"column":27},"end":{"line":3,"column":28}},"loc":{"start":{"line":6,"column":5},"end":{"line":15,"column":1}},"line":6},"1":{"name":"(anonymous_1)","decl":{"start":{"line":8,"column":10},"end":{"line":8,"column":11}},"loc":{"start":{"line":8,"column":22},"end":{"line":8,"column":37}},"line":8},"2":{"name":"(anonymous_2)","decl":{"start":{"line":9,"column":10},"end":{"line":9,"column":11}},"loc":{"start":{"line":9,"column":18},"end":{"line":11,"column":5}},"line":9},"3":{"name":"(anonymous_3)","decl":{"start":{"line":12,"column":11},"end":{"line":12,"column":12}},"loc":{"start":{"line":12,"column":20},"end":{"line":14,"column":5}},"line":12}},"branchMap":{},"s":{"0":2,"1":2,"2":0,"3":0,"4":0,"5":0},"f":{"0":0,"1":0,"2":0,"3":0},"b":{},"_coverageSchema":"1a1c01bbd47fc00a2c39e90264f33305004495a9","hash":"957d88ae99ce274afb2684c0faedea45a4a4b428"}
,"C:\\Users\\miche\\projetos\\react_native_challenge_intern_mobile\\src\\services\\loginAPI.ts": {"path":"C:\\Users\\miche\\projetos\\react_native_challenge_intern_mobile\\src\\services\\loginAPI.ts","statementMap":{"0":{"start":{"line":3,"column":16},"end":{"line":3,"column":20}},"1":{"start":{"line":4,"column":23},"end":{"line":4,"column":27}},"2":{"start":{"line":5,"column":25},"end":{"line":5,"column":36}},"3":{"start":{"line":6,"column":17},"end":{"line":6,"column":27}},"4":{"start":{"line":8,"column":17},"end":{"line":8,"column":70}},"5":{"start":{"line":8,"column":33},"end":{"line":8,"column":70}},"6":{"start":{"line":10,"column":24},"end":{"line":12,"column":1}},"7":{"start":{"line":11,"column":2},"end":{"line":11,"column":40}},"8":{"start":{"line":15,"column":2},"end":{"line":19,"column":3}},"9":{"start":{"line":15,"column":24},"end":{"line":19,"column":3}},"10":{"start":{"line":16,"column":4},"end":{"line":18,"column":16}},"11":{"start":{"line":17,"column":6},"end":{"line":17,"column":25}},"12":{"start":{"line":21,"column":28},"end":{"line":35,"column":4}},"13":{"start":{"line":22,"column":2},"end":{"line":35,"column":4}},"14":{"start":{"line":23,"column":23},"end":{"line":23,"column":25}},"15":{"start":{"line":24,"column":23},"end":{"line":24,"column":39}},"16":{"start":{"line":26,"column":4},"end":{"line":29,"column":5}},"17":{"start":{"line":27,"column":29},"end":{"line":27,"column":51}},"18":{"start":{"line":28,"column":6},"end":{"line":28,"column":34}},"19":{"start":{"line":31,"column":4},"end":{"line":31,"column":21}},"20":{"start":{"line":33,"column":4},"end":{"line":33,"column":42}},"21":{"start":{"line":34,"column":4},"end":{"line":34,"column":45}},"22":{"start":{"line":37,"column":23},"end":{"line":57,"column":4}},"23":{"start":{"line":38,"column":2},"end":{"line":57,"column":4}},"24":{"start":{"line":39,"column":23},"end":{"line":39,"column":39}},"25":{"start":{"line":41,"column":4},"end":{"line":43,"column":5}},"26":{"start":{"line":42,"column":6},"end":{"line":42,"column":56}},"27":{"start":{"line":45,"column":28},"end":{"line":45,"column":50}},"28":{"start":{"line":47,"column":4},"end":{"line":56,"column":5}},"29":{"start":{"line":50,"column":10},"end":{"line":50,"column":49}},"30":{"start":{"line":53,"column":6},"end":{"line":53,"column":47}},"31":{"start":{"line":55,"column":6},"end":{"line":55,"column":49}}},"fnMap":{"0":{"name":"(anonymous_0)","decl":{"start":{"line":8,"column":17},"end":{"line":8,"column":18}},"loc":{"start":{"line":8,"column":33},"end":{"line":8,"column":70}},"line":8},"1":{"name":"(anonymous_1)","decl":{"start":{"line":10,"column":24},"end":{"line":10,"column":25}},"loc":{"start":{"line":10,"column":36},"end":{"line":12,"column":1}},"line":10},"2":{"name":"(anonymous_2)","decl":{"start":{"line":15,"column":2},"end":{"line":15,"column":3}},"loc":{"start":{"line":15,"column":24},"end":{"line":19,"column":3}},"line":15},"3":{"name":"(anonymous_3)","decl":{"start":{"line":15,"column":24},"end":{"line":15,"column":25}},"loc":{"start":{"line":15,"column":59},"end":{"line":19,"column":3}},"line":15},"4":{"name":"(anonymous_4)","decl":{"start":{"line":16,"column":15},"end":{"line":16,"column":16}},"loc":{"start":{"line":16,"column":21},"end":{"line":18,"column":5}},"line":16},"5":{"name":"(anonymous_5)","decl":{"start":{"line":21,"column":28},"end":{"line":21,"column":29}},"loc":{"start":{"line":22,"column":2},"end":{"line":35,"column":4}},"line":22},"6":{"name":"(anonymous_6)","decl":{"start":{"line":22,"column":14},"end":{"line":22,"column":15}},"loc":{"start":{"line":22,"column":31},"end":{"line":35,"column":3}},"line":22},"7":{"name":"(anonymous_7)","decl":{"start":{"line":37,"column":23},"end":{"line":37,"column":24}},"loc":{"start":{"line":38,"column":2},"end":{"line":57,"column":4}},"line":38},"8":{"name":"(anonymous_8)","decl":{"start":{"line":38,"column":14},"end":{"line":38,"column":15}},"loc":{"start":{"line":38,"column":31},"end":{"line":57,"column":3}},"line":38},"9":{"name":"(anonymous_9)","decl":{"start":{"line":49,"column":8},"end":{"line":49,"column":9}},"loc":{"start":{"line":50,"column":10},"end":{"line":50,"column":49}},"line":50}},"branchMap":{"0":{"loc":{"start":{"line":26,"column":4},"end":{"line":29,"column":5}},"type":"if","locations":[{"start":{"line":26,"column":4},"end":{"line":29,"column":5}},{"start":{},"end":{}}],"line":26},"1":{"loc":{"start":{"line":41,"column":4},"end":{"line":43,"column":5}},"type":"if","locations":[{"start":{"line":41,"column":4},"end":{"line":43,"column":5}},{"start":{},"end":{}}],"line":41},"2":{"loc":{"start":{"line":47,"column":4},"end":{"line":56,"column":5}},"type":"if","locations":[{"start":{"line":47,"column":4},"end":{"line":56,"column":5}},{"start":{"line":54,"column":11},"end":{"line":56,"column":5}}],"line":47}},"s":{"0":3,"1":3,"2":3,"3":3,"4":3,"5":0,"6":3,"7":0,"8":3,"9":0,"10":0,"11":0,"12":3,"13":0,"14":0,"15":0,"16":0,"17":0,"18":0,"19":0,"20":0,"21":0,"22":3,"23":0,"24":0,"25":0,"26":0,"27":0,"28":0,"29":0,"30":0,"31":0},"f":{"0":0,"1":0,"2":0,"3":0,"4":0,"5":0,"6":0,"7":0,"8":0,"9":0},"b":{"0":[0,0],"1":[0,0],"2":[0,0]},"_coverageSchema":"1a1c01bbd47fc00a2c39e90264f33305004495a9","hash":"52556d974f5318b02bce06cfeca9cd15d6048f85"}
,"C:\\Users\\miche\\projetos\\react_native_challenge_intern_mobile\\src\\utils\\Validation.ts": {"path":"C:\\Users\\miche\\projetos\\react_native_challenge_intern_mobile\\src\\utils\\Validation.ts","statementMap":{"0":{"start":{"line":1,"column":28},"end":{"line":1,"column":69}},"1":{"start":{"line":3,"column":2},"end":{"line":3,"column":67}},"2":{"start":{"line":5,"column":2},"end":{"line":5,"column":36}},"3":{"start":{"line":7,"column":31},"end":{"line":12,"column":1}},"4":{"start":{"line":9,"column":4},"end":{"line":9,"column":54}},"5":{"start":{"line":10,"column":30},"end":{"line":10,"column":77}},"6":{"start":{"line":11,"column":2},"end":{"line":11,"column":60}},"7":{"start":{"line":14,"column":52},"end":{"line":20,"column":1}},"8":{"start":{"line":15,"column":2},"end":{"line":19,"column":3}},"9":{"start":{"line":16,"column":4},"end":{"line":16,"column":16}},"10":{"start":{"line":18,"column":4},"end":{"line":18,"column":17}},"11":{"start":{"line":22,"column":49},"end":{"line":28,"column":1}},"12":{"start":{"line":23,"column":2},"end":{"line":27,"column":3}},"13":{"start":{"line":24,"column":4},"end":{"line":24,"column":16}},"14":{"start":{"line":26,"column":4},"end":{"line":26,"column":17}},"15":{"start":{"line":30,"column":34},"end":{"line":35,"column":1}},"16":{"start":{"line":31,"column":32},"end":{"line":31,"column":66}},"17":{"start":{"line":33,"column":4},"end":{"line":33,"column":61}},"18":{"start":{"line":34,"column":2},"end":{"line":34,"column":72}},"19":{"start":{"line":37,"column":33},"end":{"line":43,"column":1}},"20":{"start":{"line":38,"column":2},"end":{"line":42,"column":3}},"21":{"start":{"line":39,"column":4},"end":{"line":39,"column":16}},"22":{"start":{"line":41,"column":4},"end":{"line":41,"column":17}},"23":{"start":{"line":45,"column":56},"end":{"line":51,"column":1}},"24":{"start":{"line":46,"column":2},"end":{"line":50,"column":3}},"25":{"start":{"line":47,"column":4},"end":{"line":47,"column":16}},"26":{"start":{"line":49,"column":4},"end":{"line":49,"column":17}}},"fnMap":{"0":{"name":"(anonymous_0)","decl":{"start":{"line":7,"column":31},"end":{"line":7,"column":32}},"loc":{"start":{"line":7,"column":50},"end":{"line":12,"column":1}},"line":7},"1":{"name":"(anonymous_1)","decl":{"start":{"line":14,"column":52},"end":{"line":14,"column":53}},"loc":{"start":{"line":14,"column":71},"end":{"line":20,"column":1}},"line":14},"2":{"name":"(anonymous_2)","decl":{"start":{"line":22,"column":49},"end":{"line":22,"column":50}},"loc":{"start":{"line":22,"column":71},"end":{"line":28,"column":1}},"line":22},"3":{"name":"(anonymous_3)","decl":{"start":{"line":30,"column":34},"end":{"line":30,"column":35}},"loc":{"start":{"line":30,"column":56},"end":{"line":35,"column":1}},"line":30},"4":{"name":"(anonymous_4)","decl":{"start":{"line":37,"column":33},"end":{"line":37,"column":34}},"loc":{"start":{"line":37,"column":55},"end":{"line":43,"column":1}},"line":37},"5":{"name":"(anonymous_5)","decl":{"start":{"line":45,"column":56},"end":{"line":45,"column":57}},"loc":{"start":{"line":45,"column":78},"end":{"line":51,"column":1}},"line":45}},"branchMap":{"0":{"loc":{"start":{"line":11,"column":9},"end":{"line":11,"column":59}},"type":"binary-expr","locations":[{"start":{"line":11,"column":9},"end":{"line":11,"column":36}},{"start":{"line":11,"column":40},"end":{"line":11,"column":59}}],"line":11},"1":{"loc":{"start":{"line":15,"column":2},"end":{"line":19,"column":3}},"type":"if","locations":[{"start":{"line":15,"column":2},"end":{"line":19,"column":3}},{"start":{"line":17,"column":9},"end":{"line":19,"column":3}}],"line":15},"2":{"loc":{"start":{"line":23,"column":2},"end":{"line":27,"column":3}},"type":"if","locations":[{"start":{"line":23,"column":2},"end":{"line":27,"column":3}},{"start":{"line":25,"column":9},"end":{"line":27,"column":3}}],"line":23},"3":{"loc":{"start":{"line":34,"column":9},"end":{"line":34,"column":71}},"type":"binary-expr","locations":[{"start":{"line":34,"column":9},"end":{"line":34,"column":30}},{"start":{"line":34,"column":34},"end":{"line":34,"column":71}}],"line":34},"4":{"loc":{"start":{"line":38,"column":2},"end":{"line":42,"column":3}},"type":"if","locations":[{"start":{"line":38,"column":2},"end":{"line":42,"column":3}},{"start":{"line":40,"column":9},"end":{"line":42,"column":3}}],"line":38},"5":{"loc":{"start":{"line":46,"column":2},"end":{"line":50,"column":3}},"type":"if","locations":[{"start":{"line":46,"column":2},"end":{"line":50,"column":3}},{"start":{"line":48,"column":9},"end":{"line":50,"column":3}}],"line":46}},"s":{"0":3,"1":3,"2":3,"3":3,"4":6,"5":6,"6":6,"7":3,"8":6,"9":2,"10":4,"11":3,"12":6,"13":4,"14":2,"15":3,"16":6,"17":6,"18":6,"19":3,"20":6,"21":4,"22":2,"23":3,"24":6,"25":2,"26":4},"f":{"0":6,"1":6,"2":6,"3":6,"4":6,"5":6},"b":{"0":[6,2],"1":[2,4],"2":[4,2],"3":[6,4],"4":[4,2],"5":[2,4]},"_coverageSchema":"1a1c01bbd47fc00a2c39e90264f33305004495a9","hash":"6c60c048ad72d28c9dcee952f886e47444d9333b"}
,"C:\\Users\\miche\\projetos\\react_native_challenge_intern_mobile\\themes\\themes.ts": {"path":"C:\\Users\\miche\\projetos\\react_native_challenge_intern_mobile\\themes\\themes.ts","statementMap":{"0":{"start":{"line":1,"column":22},"end":{"line":11,"column":1}}},"fnMap":{},"branchMap":{},"s":{"0":9},"f":{},"b":{},"_coverageSchema":"1a1c01bbd47fc00a2c39e90264f33305004495a9","hash":"91d4ab4d73686a75bbe08f5def914cd5548c95b7"}
}
